pozuelo@MacPozuelo vagrant % vagrant up     
Bringing machine 'master' up with 'virtualbox' provider...
Bringing machine 'worker' up with 'virtualbox' provider...
Bringing machine 'nfs' up with 'virtualbox' provider...
==> master: Checking if box 'centos/stream8' version '20210210.0' is up to date...
==> master: Clearing any previously set forwarded ports...
==> master: Clearing any previously set network interfaces...
==> master: Preparing network interfaces based on configuration...
    master: Adapter 1: nat
    master: Adapter 2: hostonly
==> master: Forwarding ports...
    master: 22 (guest) => 2222 (host) (adapter 1)
==> master: Running 'pre-boot' VM customizations...
==> master: Booting VM...
==> master: Waiting for machine to boot. This may take a few minutes...
    master: SSH address: 127.0.0.1:2222
    master: SSH username: vagrant
    master: SSH auth method: private key
    master: 
    master: Vagrant insecure key detected. Vagrant will automatically replace
    master: this with a newly generated keypair for better security.
    master: 
    master: Inserting generated public key within guest...
    master: Removing insecure key from the guest if it's present...
    master: Key inserted! Disconnecting and reconnecting using new SSH key...
==> master: Machine booted and ready!
==> master: Checking for guest additions in VM...
    master: No guest additions were detected on the base box for this VM! Guest
    master: additions are required for forwarded ports, shared folders, host only
    master: networking, and more. If SSH fails on this machine, please install
    master: the guest additions and repackage the box to continue.
    master: 
    master: This is not an error message; everything may continue to work properly,
    master: in which case you may ignore this message.
==> master: Setting hostname...
==> master: Configuring and enabling network interfaces...
==> master: Rsyncing folder: /Users/pozuelo/Library/CloudStorage/OneDrive-EBU/01 EUROVISION/PROJECTS/PERSONAL/UNIR/K8s App Azure/k8s-app-azure/vagrant/ => /vagrant
==> worker: Importing base box 'centos/stream8'...
==> worker: Matching MAC address for NAT networking...
==> worker: Checking if box 'centos/stream8' version '20210210.0' is up to date...
==> worker: Setting the name of the VM: vagrant_worker_1658167149906_33306
==> worker: Fixed port collision for 22 => 2222. Now on port 2200.
==> worker: Clearing any previously set network interfaces...
==> worker: Preparing network interfaces based on configuration...
    worker: Adapter 1: nat
    worker: Adapter 2: hostonly
==> worker: Forwarding ports...
    worker: 22 (guest) => 2200 (host) (adapter 1)
==> worker: Running 'pre-boot' VM customizations...
==> worker: Booting VM...
==> worker: Waiting for machine to boot. This may take a few minutes...
    worker: SSH address: 127.0.0.1:2200
    worker: SSH username: vagrant
    worker: SSH auth method: private key
    worker: 
    worker: Vagrant insecure key detected. Vagrant will automatically replace
    worker: this with a newly generated keypair for better security.
    worker: 
    worker: Inserting generated public key within guest...
    worker: Removing insecure key from the guest if it's present...
    worker: Key inserted! Disconnecting and reconnecting using new SSH key...
==> worker: Machine booted and ready!
==> worker: Checking for guest additions in VM...
    worker: No guest additions were detected on the base box for this VM! Guest
    worker: additions are required for forwarded ports, shared folders, host only
    worker: networking, and more. If SSH fails on this machine, please install
    worker: the guest additions and repackage the box to continue.
    worker: 
    worker: This is not an error message; everything may continue to work properly,
    worker: in which case you may ignore this message.
==> worker: Setting hostname...
==> worker: Configuring and enabling network interfaces...
==> worker: Rsyncing folder: /Users/pozuelo/Library/CloudStorage/OneDrive-EBU/01 EUROVISION/PROJECTS/PERSONAL/UNIR/K8s App Azure/k8s-app-azure/vagrant/ => /vagrant
==> nfs: Importing base box 'centos/stream8'...
==> nfs: Matching MAC address for NAT networking...
==> nfs: Checking if box 'centos/stream8' version '20210210.0' is up to date...
==> nfs: Setting the name of the VM: vagrant_nfs_1658167184782_65070
==> nfs: Fixed port collision for 22 => 2222. Now on port 2201.
==> nfs: Clearing any previously set network interfaces...
==> nfs: Preparing network interfaces based on configuration...
    nfs: Adapter 1: nat
    nfs: Adapter 2: hostonly
==> nfs: Forwarding ports...
    nfs: 22 (guest) => 2201 (host) (adapter 1)
==> nfs: Running 'pre-boot' VM customizations...
==> nfs: Booting VM...
==> nfs: Waiting for machine to boot. This may take a few minutes...
    nfs: SSH address: 127.0.0.1:2201
    nfs: SSH username: vagrant
    nfs: SSH auth method: private key
    nfs: 
    nfs: Vagrant insecure key detected. Vagrant will automatically replace
    nfs: this with a newly generated keypair for better security.
    nfs: 
    nfs: Inserting generated public key within guest...
    nfs: Removing insecure key from the guest if it's present...
    nfs: Key inserted! Disconnecting and reconnecting using new SSH key...
==> nfs: Machine booted and ready!
==> nfs: Checking for guest additions in VM...
    nfs: No guest additions were detected on the base box for this VM! Guest
    nfs: additions are required for forwarded ports, shared folders, host only
    nfs: networking, and more. If SSH fails on this machine, please install
    nfs: the guest additions and repackage the box to continue.
    nfs: 
    nfs: This is not an error message; everything may continue to work properly,
    nfs: in which case you may ignore this message.
==> nfs: Setting hostname...
==> nfs: Configuring and enabling network interfaces...
==> nfs: Rsyncing folder: /Users/pozuelo/Library/CloudStorage/OneDrive-EBU/01 EUROVISION/PROJECTS/PERSONAL/UNIR/K8s App Azure/k8s-app-azure/vagrant/ => /vagrant
pozuelo@MacPozuelo vagrant % 


pozuelo@MacPozuelo vagrant % vagrant ssh-config
Host master
  HostName 127.0.0.1
  User vagrant
  Port 2222
  UserKnownHostsFile /dev/null
  StrictHostKeyChecking no
  PasswordAuthentication no
  IdentityFile "/Users/pozuelo/Library/CloudStorage/OneDrive-EBU/01 EUROVISION/PROJECTS/PERSONAL/UNIR/K8s App Azure/k8s-app-azure/vagrant/.vagrant/machines/master/virtualbox/private_key"
  IdentitiesOnly yes
  LogLevel FATAL

Host worker
  HostName 127.0.0.1
  User vagrant
  Port 2200
  UserKnownHostsFile /dev/null
  StrictHostKeyChecking no
  PasswordAuthentication no
  IdentityFile "/Users/pozuelo/Library/CloudStorage/OneDrive-EBU/01 EUROVISION/PROJECTS/PERSONAL/UNIR/K8s App Azure/k8s-app-azure/vagrant/.vagrant/machines/worker/virtualbox/private_key"
  IdentitiesOnly yes
  LogLevel FATAL

Host nfs
  HostName 127.0.0.1
  User vagrant
  Port 2201
  UserKnownHostsFile /dev/null
  StrictHostKeyChecking no
  PasswordAuthentication no
  IdentityFile "/Users/pozuelo/Library/CloudStorage/OneDrive-EBU/01 EUROVISION/PROJECTS/PERSONAL/UNIR/K8s App Azure/k8s-app-azure/vagrant/.vagrant/machines/nfs/virtualbox/private_key"
  IdentitiesOnly yes
  LogLevel FATAL

pozuelo@MacPozuelo vagrant % 